#
# There is insufficient memory for the Java Runtime Environment to continue.
# Native memory allocation (mmap) failed to map 301989888 bytes for G1 virtual space
# Possible reasons:
#   The system is out of physical RAM or swap space
#   The process is running with CompressedOops enabled, and the Java Heap may be blocking the growth of the native heap
# Possible solutions:
#   Reduce memory load on the system
#   Increase physical memory or swap space
#   Check if swap backing store is full
#   Decrease Java heap size (-Xmx/-Xms)
#   Decrease number of Java threads
#   Decrease Java thread stack sizes (-Xss)
#   Set larger code cache with -XX:ReservedCodeCacheSize=
#   JVM is running with Zero Based Compressed Oops mode in which the Java heap is
#     placed in the first 32GB address space. The Java Heap base address is the
#     maximum limit for the native heap growth. Please use -XX:HeapBaseMinAddress
#     to set the Java Heap base and to place the Java Heap above 32GB virtual address.
# This output file may be truncated or incomplete.
#
#  Out of Memory Error (os_windows.cpp:3613), pid=15936, tid=21184
#
# JRE version:  (17.0.9+8) (build )
# Java VM: OpenJDK 64-Bit Server VM (17.0.9+8-LTS, mixed mode, emulated-client, sharing, tiered, compressed oops, compressed class ptrs, g1 gc, windows-amd64)
# No core dump will be written. Minidumps are not enabled by default on client versions of Windows
#

---------------  S U M M A R Y ------------

Command Line: -XX:TieredStopAtLevel=1 -Dspring.output.ansi.enabled=always -Dcom.sun.management.jmxremote -Dspring.jmx.enabled=true -Dspring.liveBeansView.mbeanDomain -Dspring.application.admin.enabled=true -Dmanagement.endpoints.jmx.exposure.include=* -javaagent:C:\Program Files\JetBrains\IntelliJ IDEA 2023.2.3\lib\idea_rt.jar=55291:C:\Program Files\JetBrains\IntelliJ IDEA 2023.2.3\bin -Dfile.encoding=UTF-8 com.example.demo.DemoApplication

Host: AMD Ryzen 5 5625U with Radeon Graphics         , 12 cores, 17G,  Windows 10 , 64 bit Build 19041 (10.0.19041.3636)
Time: Tue Jan  9 20:27:13 2024  Windows 10 , 64 bit Build 19041 (10.0.19041.3636) elapsed time: 0.054988 seconds (0d 0h 0m 0s)

---------------  T H R E A D  ---------------

Current thread (0x0000019ad226b760):  JavaThread "Unknown thread" [_thread_in_vm, id=21184, stack(0x00000021f1e00000,0x00000021f1f00000)]

Stack: [0x00000021f1e00000,0x00000021f1f00000]
Native frames: (J=compiled Java code, j=interpreted, Vv=VM code, C=native code)
V  [jvm.dll+0x67cb49]
V  [jvm.dll+0x8344da]
V  [jvm.dll+0x835f9e]
V  [jvm.dll+0x836603]
V  [jvm.dll+0x247b5f]
V  [jvm.dll+0x679969]
V  [jvm.dll+0x66e2ba]
V  [jvm.dll+0x307a5b]
V  [jvm.dll+0x30ef06]
V  [jvm.dll+0x35ecee]
V  [jvm.dll+0x35ef1f]
V  [jvm.dll+0x2de658]
V  [jvm.dll+0x2df5c4]
V  [jvm.dll+0x805d51]
V  [jvm.dll+0x36cb51]
V  [jvm.dll+0x7e47dc]
V  [jvm.dll+0x3f03cf]
V  [jvm.dll+0x3f2001]
C  [jli.dll+0x528f]
C  [ucrtbase.dll+0x21bb2]
C  [KERNEL32.DLL+0x17344]
C  [ntdll.dll+0x526b1]


---------------  P R O C E S S  ---------------

Threads class SMR info:
_java_thread_list=0x00007ff9fcd0ee98, length=0, elements={
}

Java Threads: ( => current thread )

Other Threads:
  0x0000019ad22da350 GCTaskThread "GC Thread#0" [stack: 0x00000021f1f00000,0x00000021f2000000] [id=12080]
  0x0000019ad22e4170 ConcurrentGCThread "G1 Main Marker" [stack: 0x00000021f2000000,0x00000021f2100000] [id=672]
  0x0000019ad22e5330 ConcurrentGCThread "G1 Conc#0" [stack: 0x00000021f2100000,0x00000021f2200000] [id=19044]

[error occurred during error reporting (printing all threads), id 0xc0000005, EXCEPTION_ACCESS_VIOLATION (0xc0000005) at pc=0x00007ff9fc4cf097]

VM state: not at safepoint (not fully initialized)

VM Mutex/Monitor currently owned by a thread:  ([mutex/lock_event])
[0x0000019ad2267df0] Heap_lock - owner thread: 0x0000019ad226b760

Heap address: 0x00000006e2400000, size: 4572 MB, Compressed Oops mode: Zero based, Oop shift amount: 3

CDS archive(s) mapped at: [0x0000000000000000-0x0000000000000000-0x0000000000000000), size 0, SharedBaseAddress: 0x0000000800000000, ArchiveRelocationMode: 1.
Narrow klass base: 0x0000000000000000, Narrow klass shift: 0, Narrow klass range: 0x0

GC Precious Log:
<Empty>

Heap:
 garbage-first heap   total 0K, used 0K [0x00000006e2400000, 0x0000000800000000)
  region size 4096K, 0 young (0K), 0 survivors (0K)

[error occurred during error reporting (printing heap information), id 0xc0000005, EXCEPTION_ACCESS_VIOLATION (0xc0000005) at pc=0x00007ff9fc8b68f9]

GC Heap History (0 events):
No events

Dll operation events (1 events):
Event: 0.050 Loaded shared library C:\Users\hongtaiksu\.jdks\corretto-17.0.9\bin\java.dll

Deoptimization events (0 events):
No events

Classes unloaded (0 events):
No events

Classes redefined (0 events):
No events

Internal exceptions (0 events):
No events

VM Operations (0 events):
No events

Events (0 events):
No events


Dynamic libraries:
0x00007ff706d30000 - 0x00007ff706d3e000 	C:\Users\hongtaiksu\.jdks\corretto-17.0.9\bin\java.exe
0x00007ffa6d330000 - 0x00007ffa6d528000 	C:\Windows\SYSTEM32\ntdll.dll
0x00007ffa6d230000 - 0x00007ffa6d2ed000 	C:\Windows\System32\KERNEL32.DLL
0x00007ffa6aaa0000 - 0x00007ffa6ad96000 	C:\Windows\System32\KERNELBASE.dll
0x00007ffa6afe0000 - 0x00007ffa6b0e0000 	C:\Windows\System32\ucrtbase.dll
0x00007ffa60520000 - 0x00007ffa60537000 	C:\Users\hongtaiksu\.jdks\corretto-17.0.9\bin\jli.dll
0x00007ffa5bb60000 - 0x00007ffa5bb7b000 	C:\Users\hongtaiksu\.jdks\corretto-17.0.9\bin\VCRUNTIME140.dll
0x00007ffa6c570000 - 0x00007ffa6c70e000 	C:\Windows\System32\USER32.dll
0x00007ffa6b150000 - 0x00007ffa6b172000 	C:\Windows\System32\win32u.dll
0x00007ffa52c00000 - 0x00007ffa52e9a000 	C:\Windows\WinSxS\amd64_microsoft.windows.common-controls_6595b64144ccf1df_6.0.19041.3636_none_60b6a03d71f818d5\COMCTL32.dll
0x00007ffa6c400000 - 0x00007ffa6c42c000 	C:\Windows\System32\GDI32.dll
0x00007ffa6c360000 - 0x00007ffa6c3fe000 	C:\Windows\System32\msvcrt.dll
0x00007ffa6aec0000 - 0x00007ffa6afda000 	C:\Windows\System32\gdi32full.dll
0x00007ffa6add0000 - 0x00007ffa6ae6d000 	C:\Windows\System32\msvcp_win.dll
0x00007ffa6c710000 - 0x00007ffa6c740000 	C:\Windows\System32\IMM32.DLL
0x00007ffa682f0000 - 0x00007ffa682fc000 	C:\Users\hongtaiksu\.jdks\corretto-17.0.9\bin\vcruntime140_1.dll
0x00007ffa4b4f0000 - 0x00007ffa4b57d000 	C:\Users\hongtaiksu\.jdks\corretto-17.0.9\bin\msvcp140.dll
0x00007ff9fc1e0000 - 0x00007ff9fce41000 	C:\Users\hongtaiksu\.jdks\corretto-17.0.9\bin\server\jvm.dll
0x00007ffa6c8f0000 - 0x00007ffa6c99f000 	C:\Windows\System32\ADVAPI32.dll
0x00007ffa6b840000 - 0x00007ffa6b8dc000 	C:\Windows\System32\sechost.dll
0x00007ffa6be20000 - 0x00007ffa6bf46000 	C:\Windows\System32\RPCRT4.dll
0x00007ffa6a430000 - 0x00007ffa6a47b000 	C:\Windows\SYSTEM32\POWRPROF.dll
0x00007ffa5fc60000 - 0x00007ffa5fc87000 	C:\Windows\SYSTEM32\WINMM.dll
0x00007ffa66430000 - 0x00007ffa66439000 	C:\Windows\SYSTEM32\WSOCK32.dll
0x00007ffa63040000 - 0x00007ffa6304a000 	C:\Windows\SYSTEM32\VERSION.dll
0x00007ffa6c450000 - 0x00007ffa6c4bb000 	C:\Windows\System32\WS2_32.dll
0x00007ffa6a410000 - 0x00007ffa6a422000 	C:\Windows\SYSTEM32\UMPDC.dll
0x00007ffa688d0000 - 0x00007ffa688e2000 	C:\Windows\SYSTEM32\kernel.appcore.dll
0x00007ffa664e0000 - 0x00007ffa664ea000 	C:\Users\hongtaiksu\.jdks\corretto-17.0.9\bin\jimage.dll
0x00007ffa62180000 - 0x00007ffa62364000 	C:\Windows\SYSTEM32\DBGHELP.DLL
0x00007ffa553f0000 - 0x00007ffa55424000 	C:\Windows\SYSTEM32\dbgcore.DLL
0x00007ffa6aa10000 - 0x00007ffa6aa92000 	C:\Windows\System32\bcryptPrimitives.dll
0x00007ffa5cca0000 - 0x00007ffa5ccae000 	C:\Users\hongtaiksu\.jdks\corretto-17.0.9\bin\instrument.dll
0x00007ffa5b9c0000 - 0x00007ffa5b9e5000 	C:\Users\hongtaiksu\.jdks\corretto-17.0.9\bin\java.dll

dbghelp: loaded successfully - version: 4.0.5 - missing functions: none
symbol engine: initialized successfully - sym options: 0x614 - pdb path: .;C:\Users\hongtaiksu\.jdks\corretto-17.0.9\bin;C:\Windows\SYSTEM32;C:\Windows\WinSxS\amd64_microsoft.windows.common-controls_6595b64144ccf1df_6.0.19041.3636_none_60b6a03d71f818d5;C:\Users\hongtaiksu\.jdks\corretto-17.0.9\bin\server

VM Arguments:
jvm_args: -XX:TieredStopAtLevel=1 -Dspring.output.ansi.enabled=always -Dcom.sun.management.jmxremote -Dspring.jmx.enabled=true -Dspring.liveBeansView.mbeanDomain -Dspring.application.admin.enabled=true -Dmanagement.endpoints.jmx.exposure.include=* -javaagent:C:\Program Files\JetBrains\IntelliJ IDEA 2023.2.3\lib\idea_rt.jar=55291:C:\Program Files\JetBrains\IntelliJ IDEA 2023.2.3\bin -Dfile.encoding=UTF-8 
java_command: com.example.demo.DemoApplication
java_class_path (initial): C:\Users\hongtaiksu\Desktop\petish-app-back\build\classes\java\main;C:\Users\hongtaiksu\Desktop\petish-app-back\build\resources\main;C:\Users\hongtaiksu\.gradle\caches\modules-2\files-2.1\org.projectlombok\lombok\1.18.20\18bcea7d5df4d49227b4a0743a536208ce4825bb\lombok-1.18.20.jar;C:\Users\hongtaiksu\.gradle\caches\modules-2\files-2.1\org.springframework.boot\spring-boot-starter-validation\2.5.4\8acfe1b2d2a111e278ee92f10d809dd1e63a7381\spring-boot-starter-validation-2.5.4.jar;C:\Users\hongtaiksu\.gradle\caches\modules-2\files-2.1\org.springframework.boot\spring-boot-starter-thymeleaf\2.5.4\cade32e2891268e53f710d2e95671dff03de23b5\spring-boot-starter-thymeleaf-2.5.4.jar;C:\Users\hongtaiksu\.gradle\caches\modules-2\files-2.1\org.springframework.boot\spring-boot-starter-web\2.5.4\2bef2cedf2e0d1038ab51a2c6154579c5945e60c\spring-boot-starter-web-2.5.4.jar;C:\Users\hongtaiksu\.gradle\caches\modules-2\files-2.1\org.springframework.boot\spring-boot-starter-data-jpa\2.5.4\61bdc9ccd2dd88dc956d85b4a608ef624476db7d\spring-boot-starter-data-jpa-2.5.4.jar;C:\Users\hongtaiksu\.gradle\caches\modules-2\files-2.1\org.springframework.boot\spring-boot-starter\2.5.4\d5028e89214b204e39e5920ae118d69293ac3d8a\spring-boot-starter-2.5.4.jar;C:\Users\hongtaiksu\.gradle\caches\modules-2\files-2.1\org.mapstruct\mapstruct\1.5.3.Final\5f5d063858957ef086858bc3d003f702082297f3\mapstruct-1.5.3.Final.jar;C:\Users\hongtaiksu\.gradle\caches\modules-2\files-2.1\junit\junit\4.13.2\8ac9e16d933b6fb43bc7f576336b8f4d7eb5ba12\junit-4.13.2.jar;C:\Users\hongtaiksu\.gradle\caches\modules-2\files-2.1\org.apache.tomcat.embed\tomcat-embed-el\9.0.52\ee51a2bab9b9c055f857fef0926116e8f459e8cc\tomcat-embed-el-9.0.52.jar;C:\Users\hongtaiksu\.gradle\caches\modules-2\files-2.1\org.hibernate.validator\hibernate-validator\6.2.0.Final\d6b0760dfffbf379cedd02f715ff4c9a2e215921\hibernate-validator-6.2.0.Final.jar;C:\Users\hongtaiksu\.gradle\caches\modules-2\files-2.1\org.thymeleaf\thymeleaf-spring5\3.
Launcher Type: SUN_STANDARD

[Global flags]
     intx CICompilerCount                          = 4                                         {product} {ergonomic}
     uint ConcGCThreads                            = 3                                         {product} {ergonomic}
     uint G1ConcRefinementThreads                  = 10                                        {product} {ergonomic}
   size_t G1HeapRegionSize                         = 4194304                                   {product} {ergonomic}
    uintx GCDrainStackTargetSize                   = 64                                        {product} {ergonomic}
   size_t InitialHeapSize                          = 301989888                                 {product} {ergonomic}
     bool ManagementServer                         = true                                      {product} {command line}
   size_t MarkStackSize                            = 4194304                                   {product} {ergonomic}
   size_t MaxHeapSize                              = 4794089472                                {product} {ergonomic}
   size_t MinHeapDeltaBytes                        = 4194304                                   {product} {ergonomic}
   size_t MinHeapSize                              = 8388608                                   {product} {ergonomic}
    uintx NonProfiledCodeHeapSize                  = 0                                      {pd product} {ergonomic}
     bool ProfileInterpreter                       = false                                  {pd product} {command line}
    uintx ProfiledCodeHeapSize                     = 0                                      {pd product} {ergonomic}
   size_t SoftMaxHeapSize                          = 4794089472                             {manageable} {ergonomic}
     intx TieredStopAtLevel                        = 1                                         {product} {command line}
     bool UseCompressedClassPointers               = true                           {product lp64_product} {ergonomic}
     bool UseCompressedOops                        = true                           {product lp64_product} {ergonomic}
     bool UseG1GC                                  = true                                      {product} {ergonomic}
     bool UseLargePagesIndividualAllocation        = false                                  {pd product} {ergonomic}

Logging:
Log output configuration:
 #0: stdout all=warning uptime,level,tags
 #1: stderr all=off uptime,level,tags

Environment Variables:
PATH=C:\Windows\system32;C:\Windows;C:\Windows\System32\Wbem;C:\Windows\System32\WindowsPowerShell\v1.0\;C:\Windows\System32\OpenSSH\;C:\Program Files\PuTTY\;C:\ProgramData\chocolatey\bin;C:\Program Files\Git\cmd;C:\Users\hongtaiksu\AppData\Local\Microsoft\WindowsApps;C:\Users\hongtaiksu\AppData\Local\Programs\Microsoft VS Code\bin;C:\flutter\bin;C:\tools\dart-sdk\bin;C:\Users\hongtaiksu\AppData\Local\Pub\Cache\bin;
USERNAME=hongtaiksu
OS=Windows_NT
PROCESSOR_IDENTIFIER=AMD64 Family 25 Model 80 Stepping 0, AuthenticAMD
TMP=C:\Users\HONGTA~1\AppData\Local\Temp
TEMP=C:\Users\HONGTA~1\AppData\Local\Temp



Periodic native trim disabled


---------------  S Y S T E M  ---------------

OS:
 Windows 10 , 64 bit Build 19041 (10.0.19041.3636)
OS uptime: 4 days 7:02 hours

CPU: total 12 (initial active 12) (12 cores per cpu, 2 threads per core) family 25 model 80 stepping 0 microcode 0x0, cx8, cmov, fxsr, ht, mmx, 3dnowpref, sse, sse2, sse3, ssse3, sse4a, sse4.1, sse4.2, popcnt, lzcnt, tsc, tscinvbit, avx, avx2, aes, erms, clmul, bmi1, bmi2, adx, sha, fma, vzeroupper, clflush, clflushopt
Processor Information for all 12 processors :
  Max Mhz: 2301, Current Mhz: 2301, Mhz Limit: 2301

Memory: 4k page, system-wide physical 18277M (2984M free)
TotalPageFile size 30503M (AvailPageFile size 150M)
current process WorkingSet (physical memory assigned to process): 10M, peak: 10M
current process commit charge ("private bytes"): 59M, peak: 347M

vm_info: OpenJDK 64-Bit Server VM (17.0.9+8-LTS) for windows-amd64 JRE (17.0.9+8-LTS), built on Oct 12 2023 16:15:33 by "Administrator" with MS VC++ 16.10 / 16.11 (VS2019)

END.
